 The system has: 

 Core Hamiltonian
    1    1     -2.46754534
    2    1     -1.91834199
    3    1     -0.76095651
    4    1     -0.98849853
    2    2     -1.84591796
    3    2     -1.02566530
    4    2     -1.26974410
    3    3     -1.42843848
    4    3     -1.23518182
    4    4     -1.37270185

 Fock Matrix
    1    1     -1.14842923
    2    1     -1.37255304
    3    1     -0.69443309
    4    1     -0.81533553
    2    2     -0.98591624
    3    2     -0.68664892
    4    2     -0.73341672
    3    3     -0.42461504
    4    3     -0.68446107
    4    4     -0.64607694

 Density Matrix
    1    1      0.35636943
    2    1      0.24264159
    3    1      0.11187136
    4    1      0.00976813
    2    2      0.16520761
    3    2      0.07616996
    4    2      0.00665083
    3    3      0.03511862
    4    3      0.00306641
    4    4      0.00026775
